<?xml version="1.0" encoding="UTF-8"?>
<testsuite xmlns:xsi="http://www.w3.org/2001/XMLSchema-instance" xsi:noNamespaceSchemaLocation="https://maven.apache.org/surefire/maven-surefire-plugin/xsd/surefire-test-report-3.0.xsd" version="3.0" name="com.mycompany.gr4employeeperformance.managementSystemTest" time="0.129" tests="5" errors="0" skipped="0" failures="0">
  <properties>
[...]
</properties>
  <testcase name="testIsEligibleForBonus" classname="com.mycompany.gr4employeeperformance.managementSystemTest" time="0.01"/>
  <testcase name="testGetPerformanceLevel" classname="com.mycompany.gr4employeeperformance.managementSystemTest" time="0.001"/>
  <testcase name="testCalculateEffiencency" classname="com.mycompany.gr4employeeperformance.managementSystemTest" time="0.0"/>
  <testcase name="testCalculatePerfomanceScore" classname="com.mycompany.gr4employeeperformance.managementSystemTest" time="0.0"/>
  <testcase name="testDisplayReport" classname="com.mycompany.gr4employeeperformance.managementSystemTest" time="0.001"/>
</testsuite>